<?xml version="1.0" encoding="UTF-8"?>
<testng-results skipped="0" failed="1" ignored="0" total="3" passed="2">
  <reporter-output>
  </reporter-output>
  <suite name="Default suite" duration-ms="228967" started-at="2019-11-20T03:41:41Z" finished-at="2019-11-20T03:45:29Z">
    <groups>
    </groups>
    <test name="Default test" duration-ms="228967" started-at="2019-11-20T03:41:41Z" finished-at="2019-11-20T03:45:29Z">
      <class name="GetQuote">
        <test-method status="PASS" signature="setUp()[pri:0, instance:GetQuote@204f30ec]" name="setUp" is-config="true" duration-ms="163290" started-at="2019-11-20T09:11:41Z" finished-at="2019-11-20T09:14:24Z">
          <reporter-output>
          </reporter-output>
        </test-method> <!-- setUp -->
        <test-method status="FAIL" signature="testGetQuote()[pri:0, instance:GetQuote@204f30ec]" name="testGetQuote" duration-ms="14678" started-at="2019-11-20T09:14:24Z" finished-at="2019-11-20T09:14:39Z">
          <exception class="org.openqa.selenium.NoSuchElementException">
            <message>
              <![CDATA[no such element (An element could not be located on the page using the given search parameters (XPATH='//*[@text='Get Quote' and @class='android.widget.Button' and ./parent::*[./parent::*[./parent::*[(./preceding-sibling::* | ./following-sibling::*)[./*[@text='Premium starts at ₹7,210/yr']]]]]]'))  (WARNING: The server did not provide any stacktrace information)
Command duration or timeout: 1.62 seconds
For documentation on this error, please visit: http://seleniumhq.org/exceptions/no_such_element.html
Build info: version: '2.53.1', revision: 'a36b8b1cd5757287168e54b817830adce9b0158d', time: '2016-06-30 19:26:09'
System info: host: 'DESKTOP-9D6580F', ip: '192.168.43.53', os.name: 'Windows 10', os.arch: 'amd64', os.version: '10.0', java.version: '1.8.0_221'
Driver info: io.appium.java_client.android.AndroidDriver
Capabilities [{appPackage=com.star.customer_app, device.majorVersion=7, dontGoHomeOnQuit=false, device.os=Android, noReset=false, dontStopAppOnReset=false, reservationDuration=240, reportFormat=xml, fullReset=false, platform=ANY, deviceUDID=ZH33L2FSB9, install.only.for.update=false, desired={appPackage=com.star.customer_app, appActivity=.MainActivity, reportDirectory=reports, reportFormat=xml, udid=ZH33L2FSB9, platformName=Android, testName=GetQuote}, device.serialNumber=ZH33L2FSB9, locationServicesAuthorized=false, device.version=7.1.1, reportDirectory=reports, autoWebview=false, udid=ZH33L2FSB9, platformName=Android, testName=GetQuote, device.screenSize=720x1280, useKeystore=false, test.type=Mobile, device.manufacture=motorola, instrumentApp=false, appiumVersion=1.8.0, device.category=PHONE, autoDismissAlerts=false, reportUrl=C:\Users\Nandhana\appiumstudio-reports\reports\test0, newSessionWaitTimeout=600, keystorePath=~/.android/debug.keystore, appActivity=.MainActivity, installOnlyForUpdate=false, waitForDeviceTimeout=120000, device.model=Moto E (4) Plus, device.name=Moto E (4) Plus, autoGrantPermissions=false, takeScreenshots=true, projectName=, autoAcceptAlerts=false}]
Session ID: b3deba3f-24d2-4fb0-913b-a817fc81eb1c
*** Element info: {Using=xpath, value=//*[@text='Get Quote' and @class='android.widget.Button' and ./parent::*[./parent::*[./parent::*[(./preceding-sibling::* | ./following-sibling::*)[./*[@text='Premium starts at ₹7,210/yr']]]]]]}]]>
            </message>
            <full-stacktrace>
              <![CDATA[org.openqa.selenium.NoSuchElementException: no such element (An element could not be located on the page using the given search parameters (XPATH='//*[@text='Get Quote' and @class='android.widget.Button' and ./parent::*[./parent::*[./parent::*[(./preceding-sibling::* | ./following-sibling::*)[./*[@text='Premium starts at ₹7,210/yr']]]]]]'))  (WARNING: The server did not provide any stacktrace information)
Command duration or timeout: 1.62 seconds
For documentation on this error, please visit: http://seleniumhq.org/exceptions/no_such_element.html
Build info: version: '2.53.1', revision: 'a36b8b1cd5757287168e54b817830adce9b0158d', time: '2016-06-30 19:26:09'
System info: host: 'DESKTOP-9D6580F', ip: '192.168.43.53', os.name: 'Windows 10', os.arch: 'amd64', os.version: '10.0', java.version: '1.8.0_221'
Driver info: io.appium.java_client.android.AndroidDriver
Capabilities [{appPackage=com.star.customer_app, device.majorVersion=7, dontGoHomeOnQuit=false, device.os=Android, noReset=false, dontStopAppOnReset=false, reservationDuration=240, reportFormat=xml, fullReset=false, platform=ANY, deviceUDID=ZH33L2FSB9, install.only.for.update=false, desired={appPackage=com.star.customer_app, appActivity=.MainActivity, reportDirectory=reports, reportFormat=xml, udid=ZH33L2FSB9, platformName=Android, testName=GetQuote}, device.serialNumber=ZH33L2FSB9, locationServicesAuthorized=false, device.version=7.1.1, reportDirectory=reports, autoWebview=false, udid=ZH33L2FSB9, platformName=Android, testName=GetQuote, device.screenSize=720x1280, useKeystore=false, test.type=Mobile, device.manufacture=motorola, instrumentApp=false, appiumVersion=1.8.0, device.category=PHONE, autoDismissAlerts=false, reportUrl=C:\Users\Nandhana\appiumstudio-reports\reports\test0, newSessionWaitTimeout=600, keystorePath=~/.android/debug.keystore, appActivity=.MainActivity, installOnlyForUpdate=false, waitForDeviceTimeout=120000, device.model=Moto E (4) Plus, device.name=Moto E (4) Plus, autoGrantPermissions=false, takeScreenshots=true, projectName=, autoAcceptAlerts=false}]
Session ID: b3deba3f-24d2-4fb0-913b-a817fc81eb1c
*** Element info: {Using=xpath, value=//*[@text='Get Quote' and @class='android.widget.Button' and ./parent::*[./parent::*[./parent::*[(./preceding-sibling::* | ./following-sibling::*)[./*[@text='Premium starts at ₹7,210/yr']]]]]]}
	at sun.reflect.NativeConstructorAccessorImpl.newInstance0(Native Method)
	at sun.reflect.NativeConstructorAccessorImpl.newInstance(Unknown Source)
	at sun.reflect.DelegatingConstructorAccessorImpl.newInstance(Unknown Source)
	at java.lang.reflect.Constructor.newInstance(Unknown Source)
	at org.openqa.selenium.remote.ErrorHandler.createThrowable(ErrorHandler.java:206)
	at org.openqa.selenium.remote.ErrorHandler.throwIfResponseFailed(ErrorHandler.java:158)
	at org.openqa.selenium.remote.RemoteWebDriver.execute(RemoteWebDriver.java:678)
	at io.appium.java_client.DefaultGenericMobileDriver.execute(DefaultGenericMobileDriver.java:40)
	at io.appium.java_client.AppiumDriver.execute(AppiumDriver.java:1)
	at io.appium.java_client.android.AndroidDriver.execute(AndroidDriver.java:1)
	at org.openqa.selenium.remote.RemoteWebDriver.findElement(RemoteWebDriver.java:363)
	at io.appium.java_client.DefaultGenericMobileDriver.findElement(DefaultGenericMobileDriver.java:56)
	at io.appium.java_client.AppiumDriver.findElement(AppiumDriver.java:1)
	at io.appium.java_client.android.AndroidDriver.findElement(AndroidDriver.java:1)
	at org.openqa.selenium.remote.RemoteWebDriver.findElementByXPath(RemoteWebDriver.java:500)
	at io.appium.java_client.DefaultGenericMobileDriver.findElementByXPath(DefaultGenericMobileDriver.java:134)
	at io.appium.java_client.AppiumDriver.findElementByXPath(AppiumDriver.java:1)
	at io.appium.java_client.android.AndroidDriver.findElementByXPath(AndroidDriver.java:1)
	at org.openqa.selenium.By$ByXPath.findElement(By.java:361)
	at org.openqa.selenium.remote.RemoteWebDriver.findElement(RemoteWebDriver.java:355)
	at io.appium.java_client.DefaultGenericMobileDriver.findElement(DefaultGenericMobileDriver.java:52)
	at io.appium.java_client.AppiumDriver.findElement(AppiumDriver.java:1)
	at io.appium.java_client.android.AndroidDriver.findElement(AndroidDriver.java:1)
	at GetQuote.testGetQuote(GetQuote.java:41)
	at sun.reflect.NativeMethodAccessorImpl.invoke0(Native Method)
	at sun.reflect.NativeMethodAccessorImpl.invoke(Unknown Source)
	at sun.reflect.DelegatingMethodAccessorImpl.invoke(Unknown Source)
	at java.lang.reflect.Method.invoke(Unknown Source)
	at org.testng.internal.MethodInvocationHelper.invokeMethod(MethodInvocationHelper.java:104)
	at org.testng.internal.Invoker.invokeMethod(Invoker.java:645)
	at org.testng.internal.Invoker.invokeTestMethod(Invoker.java:851)
	at org.testng.internal.Invoker.invokeTestMethods(Invoker.java:1177)
	at org.testng.internal.TestMethodWorker.invokeTestMethods(TestMethodWorker.java:129)
	at org.testng.internal.TestMethodWorker.run(TestMethodWorker.java:112)
	at org.testng.TestRunner.privateRun(TestRunner.java:756)
	at org.testng.TestRunner.run(TestRunner.java:610)
	at org.testng.SuiteRunner.runTest(SuiteRunner.java:387)
	at org.testng.SuiteRunner.runSequentially(SuiteRunner.java:382)
	at org.testng.SuiteRunner.privateRun(SuiteRunner.java:340)
	at org.testng.SuiteRunner.run(SuiteRunner.java:289)
	at org.testng.SuiteRunnerWorker.runSuite(SuiteRunnerWorker.java:52)
	at org.testng.SuiteRunnerWorker.run(SuiteRunnerWorker.java:86)
	at org.testng.TestNG.runSuitesSequentially(TestNG.java:1293)
	at org.testng.TestNG.runSuitesLocally(TestNG.java:1218)
	at org.testng.TestNG.runSuites(TestNG.java:1133)
	at org.testng.TestNG.run(TestNG.java:1104)
	at org.testng.remote.AbstractRemoteTestNG.run(AbstractRemoteTestNG.java:114)
	at org.testng.remote.RemoteTestNG.initAndRun(RemoteTestNG.java:251)
	at org.testng.remote.RemoteTestNG.main(RemoteTestNG.java:77)
]]>
            </full-stacktrace>
          </exception> <!-- org.openqa.selenium.NoSuchElementException -->
          <reporter-output>
          </reporter-output>
        </test-method> <!-- testGetQuote -->
        <test-method status="PASS" signature="tearDown()[pri:0, instance:GetQuote@204f30ec]" name="tearDown" is-config="true" duration-ms="7038" started-at="2019-11-20T09:14:39Z" finished-at="2019-11-20T09:14:46Z">
          <reporter-output>
          </reporter-output>
        </test-method> <!-- tearDown -->
      </class> <!-- GetQuote -->
      <class name="Sample">
        <test-method status="PASS" signature="Testing()[pri:0, instance:Sample@e25b2fe]" name="Testing" duration-ms="2" started-at="2019-11-20T09:14:46Z" finished-at="2019-11-20T09:14:46Z">
          <reporter-output>
          </reporter-output>
        </test-method> <!-- Testing -->
      </class> <!-- Sample -->
      <class name="Login">
        <test-method status="PASS" signature="setUp()[pri:0, instance:Login@754ba872]" name="setUp" is-config="true" duration-ms="22757" started-at="2019-11-20T09:14:46Z" finished-at="2019-11-20T09:15:08Z">
          <reporter-output>
          </reporter-output>
        </test-method> <!-- setUp -->
        <test-method status="PASS" signature="testLogin()[pri:0, instance:Login@754ba872]" name="testLogin" duration-ms="15433" started-at="2019-11-20T09:15:08Z" finished-at="2019-11-20T09:15:24Z">
          <reporter-output>
          </reporter-output>
        </test-method> <!-- testLogin -->
        <test-method status="PASS" signature="tearDown()[pri:0, instance:Login@754ba872]" name="tearDown" is-config="true" duration-ms="5731" started-at="2019-11-20T09:15:24Z" finished-at="2019-11-20T09:15:29Z">
          <reporter-output>
          </reporter-output>
        </test-method> <!-- tearDown -->
      </class> <!-- Login -->
    </test> <!-- Default test -->
  </suite> <!-- Default suite -->
</testng-results>
