<?xml version="1.0" encoding="UTF-8"?>
<!-- Generated by org.testng.reporters.JUnitXMLReporter -->
<testsuite hostname="GIRILaptop" ignored="0" tests="2" failures="1" timestamp="20 Nov 2019 17:33:47 GMT" time="84.402" errors="0">
  <testcase name="testLogin" time="19.218" classname="Login"/>
  <testcase name="testGetQuote" time="11.229" classname="GetQuote">
    <failure type="org.openqa.selenium.TimeoutException" message="Timed out after 10 seconds waiting for presence of element located by: By.xpath: //*[@text=&amp;apos;LOGIN&amp;apos;]
Build info: version: &amp;apos;2.53.1&amp;apos;, revision: &amp;apos;a36b8b1cd5757287168e54b817830adce9b0158d&amp;apos;, time: &amp;apos;2016-06-30 19:26:09&amp;apos;
System info: host: &amp;apos;GIRILaptop&amp;apos;, ip: &amp;apos;192.168.60.1&amp;apos;, os.name: &amp;apos;Windows 10&amp;apos;, os.arch: &amp;apos;amd64&amp;apos;, os.version: &amp;apos;10.0&amp;apos;, java.version: &amp;apos;1.8.0_221&amp;apos;
Driver info: io.appium.java_client.android.AndroidDriver
Capabilities [{appPackage=com.star.customer_app, device.majorVersion=7, dontGoHomeOnQuit=false, device.os=Android, noReset=false, dontStopAppOnReset=false, reservationDuration=240, reportFormat=xml, fullReset=false, platform=ANY, deviceUDID=ZH33L2FSB9, install.only.for.update=false, desired={appPackage=com.star.customer_app, appActivity=.MainActivity, reportDirectory=reports, reportFormat=xml, udid=ZH33L2FSB9, platformName=Android, testName=GetQuote}, device.serialNumber=ZH33L2FSB9, locationServicesAuthorized=false, device.version=7.1.1, reportDirectory=reports, autoWebview=false, udid=ZH33L2FSB9, platformName=Android, testName=GetQuote, device.screenSize=720x1280, useKeystore=false, test.type=Mobile, device.manufacture=motorola, instrumentApp=false, appiumVersion=1.8.0, device.category=PHONE, autoDismissAlerts=false, reportUrl=C:\Users\Giri\appiumstudio-reports\reports\test41, newSessionWaitTimeout=600, keystorePath=~/.android/debug.keystore, appActivity=.MainActivity, installOnlyForUpdate=false, waitForDeviceTimeout=120000, device.model=Moto E (4) Plus, device.name=Moto E (4) Plus, autoGrantPermissions=false, takeScreenshots=true, projectName=, autoAcceptAlerts=false}]
Session ID: 7195ee88-b351-448f-a116-5e21480f65c2">
      <![CDATA[org.openqa.selenium.TimeoutException: Timed out after 10 seconds waiting for presence of element located by: By.xpath: //*[@text='LOGIN']
Build info: version: '2.53.1', revision: 'a36b8b1cd5757287168e54b817830adce9b0158d', time: '2016-06-30 19:26:09'
System info: host: 'GIRILaptop', ip: '192.168.60.1', os.name: 'Windows 10', os.arch: 'amd64', os.version: '10.0', java.version: '1.8.0_221'
Driver info: io.appium.java_client.android.AndroidDriver
Capabilities [{appPackage=com.star.customer_app, device.majorVersion=7, dontGoHomeOnQuit=false, device.os=Android, noReset=false, dontStopAppOnReset=false, reservationDuration=240, reportFormat=xml, fullReset=false, platform=ANY, deviceUDID=ZH33L2FSB9, install.only.for.update=false, desired={appPackage=com.star.customer_app, appActivity=.MainActivity, reportDirectory=reports, reportFormat=xml, udid=ZH33L2FSB9, platformName=Android, testName=GetQuote}, device.serialNumber=ZH33L2FSB9, locationServicesAuthorized=false, device.version=7.1.1, reportDirectory=reports, autoWebview=false, udid=ZH33L2FSB9, platformName=Android, testName=GetQuote, device.screenSize=720x1280, useKeystore=false, test.type=Mobile, device.manufacture=motorola, instrumentApp=false, appiumVersion=1.8.0, device.category=PHONE, autoDismissAlerts=false, reportUrl=C:\Users\Giri\appiumstudio-reports\reports\test41, newSessionWaitTimeout=600, keystorePath=~/.android/debug.keystore, appActivity=.MainActivity, installOnlyForUpdate=false, waitForDeviceTimeout=120000, device.model=Moto E (4) Plus, device.name=Moto E (4) Plus, autoGrantPermissions=false, takeScreenshots=true, projectName=, autoAcceptAlerts=false}]
Session ID: 7195ee88-b351-448f-a116-5e21480f65c2
	at org.openqa.selenium.support.ui.WebDriverWait.timeoutException(WebDriverWait.java:80)
	at org.openqa.selenium.support.ui.FluentWait.until(FluentWait.java:261)
	at GetQuote.testGetQuote(GetQuote.java:38)
Caused by: org.openqa.selenium.NoSuchElementException: no such element (An element could not be located on the page using the given search parameters (XPATH='//*[@text='LOGIN']'))  (WARNING: The server did not provide any stacktrace information)
Command duration or timeout: 1.80 seconds
For documentation on this error, please visit: http://seleniumhq.org/exceptions/no_such_element.html
Build info: version: '2.53.1', revision: 'a36b8b1cd5757287168e54b817830adce9b0158d', time: '2016-06-30 19:26:09'
System info: host: 'GIRILaptop', ip: '192.168.60.1', os.name: 'Windows 10', os.arch: 'amd64', os.version: '10.0', java.version: '1.8.0_221'
Driver info: io.appium.java_client.android.AndroidDriver
Capabilities [{appPackage=com.star.customer_app, device.majorVersion=7, dontGoHomeOnQuit=false, device.os=Android, noReset=false, dontStopAppOnReset=false, reservationDuration=240, reportFormat=xml, fullReset=false, platform=ANY, deviceUDID=ZH33L2FSB9, install.only.for.update=false, desired={appPackage=com.star.customer_app, appActivity=.MainActivity, reportDirectory=reports, reportFormat=xml, udid=ZH33L2FSB9, platformName=Android, testName=GetQuote}, device.serialNumber=ZH33L2FSB9, locationServicesAuthorized=false, device.version=7.1.1, reportDirectory=reports, autoWebview=false, udid=ZH33L2FSB9, platformName=Android, testName=GetQuote, device.screenSize=720x1280, useKeystore=false, test.type=Mobile, device.manufacture=motorola, instrumentApp=false, appiumVersion=1.8.0, device.category=PHONE, autoDismissAlerts=false, reportUrl=C:\Users\Giri\appiumstudio-reports\reports\test41, newSessionWaitTimeout=600, keystorePath=~/.android/debug.keystore, appActivity=.MainActivity, installOnlyForUpdate=false, waitForDeviceTimeout=120000, device.model=Moto E (4) Plus, device.name=Moto E (4) Plus, autoGrantPermissions=false, takeScreenshots=true, projectName=, autoAcceptAlerts=false}]
Session ID: 7195ee88-b351-448f-a116-5e21480f65c2
*** Element info: {Using=xpath, value=//*[@text='LOGIN']}
	at org.openqa.selenium.remote.ErrorHandler.createThrowable(ErrorHandler.java:206)
	at org.openqa.selenium.remote.ErrorHandler.throwIfResponseFailed(ErrorHandler.java:158)
	at org.openqa.selenium.remote.RemoteWebDriver.execute(RemoteWebDriver.java:678)
	at io.appium.java_client.DefaultGenericMobileDriver.execute(DefaultGenericMobileDriver.java:40)
	at io.appium.java_client.AppiumDriver.execute(AppiumDriver.java:1)
	at io.appium.java_client.android.AndroidDriver.execute(AndroidDriver.java:1)
	at org.openqa.selenium.remote.RemoteWebDriver.findElement(RemoteWebDriver.java:363)
	at io.appium.java_client.DefaultGenericMobileDriver.findElement(DefaultGenericMobileDriver.java:56)
	at io.appium.java_client.AppiumDriver.findElement(AppiumDriver.java:1)
	at io.appium.java_client.android.AndroidDriver.findElement(AndroidDriver.java:1)
	at org.openqa.selenium.remote.RemoteWebDriver.findElementByXPath(RemoteWebDriver.java:500)
	at io.appium.java_client.DefaultGenericMobileDriver.findElementByXPath(DefaultGenericMobileDriver.java:134)
	at io.appium.java_client.AppiumDriver.findElementByXPath(AppiumDriver.java:1)
	at io.appium.java_client.android.AndroidDriver.findElementByXPath(AndroidDriver.java:1)
	at org.openqa.selenium.By$ByXPath.findElement(By.java:361)
	at org.openqa.selenium.remote.RemoteWebDriver.findElement(RemoteWebDriver.java:355)
	at io.appium.java_client.DefaultGenericMobileDriver.findElement(DefaultGenericMobileDriver.java:52)
	at io.appium.java_client.AppiumDriver.findElement(AppiumDriver.java:1)
	at io.appium.java_client.android.AndroidDriver.findElement(AndroidDriver.java:1)
	at org.openqa.selenium.support.ui.ExpectedConditions.findElement(ExpectedConditions.java:899)
	at org.openqa.selenium.support.ui.ExpectedConditions.access$000(ExpectedConditions.java:41)
	at org.openqa.selenium.support.ui.ExpectedConditions$6.apply(ExpectedConditions.java:181)
	at org.openqa.selenium.support.ui.ExpectedConditions$6.apply(ExpectedConditions.java:178)
	at org.openqa.selenium.support.ui.FluentWait.until(FluentWait.java:238)
	... 26 more
... Removed 29 stack frames]]>
    </failure>
  </testcase> <!-- testGetQuote -->
</testsuite>
